{"message":"ER_DUP_ENTRY: Duplicate entry 'kishor.shetty@gmail.com' for key 'useremail_UNIQUE'","stack":"Error: ER_DUP_ENTRY: Duplicate entry 'kishor.shetty@gmail.com' for key 'useremail_UNIQUE'\n    at Query.Sequence._packetToError (/home/shrikant/Pictures/node/node_modules/mysql/lib/protocol/sequences/Sequence.js:51:14)\n    at Query.ErrorPacket (/home/shrikant/Pictures/node/node_modules/mysql/lib/protocol/sequences/Query.js:83:18)\n    at Protocol._parsePacket (/home/shrikant/Pictures/node/node_modules/mysql/lib/protocol/Protocol.js:280:23)\n    at Parser.write (/home/shrikant/Pictures/node/node_modules/mysql/lib/protocol/Parser.js:74:12)\n    at Protocol.write (/home/shrikant/Pictures/node/node_modules/mysql/lib/protocol/Protocol.js:39:16)\n    at Socket.<anonymous> (/home/shrikant/Pictures/node/node_modules/mysql/lib/Connection.js:109:28)\n    at Socket.EventEmitter.emit (events.js:95:17)\n    at Socket.<anonymous> (_stream_readable.js:746:14)\n    at Socket.EventEmitter.emit (events.js:92:17)\n    at emitReadable_ (_stream_readable.js:408:10)\n    --------------------\n    at Protocol._enqueue (/home/shrikant/Pictures/node/node_modules/mysql/lib/protocol/Protocol.js:141:48)\n    at PoolConnection.query (/home/shrikant/Pictures/node/node_modules/mysql/lib/Connection.js:214:25)\n    at /home/shrikant/Pictures/node/models/organization.js:16:8\n    at /home/shrikant/Pictures/node/dbhandler/databaseConnector.js:13:7\n    at Handshake.onConnect (/home/shrikant/Pictures/node/node_modules/mysql/lib/Pool.js:63:7)\n    at Handshake.Sequence.end (/home/shrikant/Pictures/node/node_modules/mysql/lib/protocol/sequences/Sequence.js:85:24)\n    at Handshake.Sequence.OkPacket (/home/shrikant/Pictures/node/node_modules/mysql/lib/protocol/sequences/Sequence.js:94:8)\n    at Protocol._parsePacket (/home/shrikant/Pictures/node/node_modules/mysql/lib/protocol/Protocol.js:280:23)\n    at Parser.write (/home/shrikant/Pictures/node/node_modules/mysql/lib/protocol/Parser.js:74:12)\n    at Protocol.write (/home/shrikant/Pictures/node/node_modules/mysql/lib/protocol/Protocol.js:39:16)","code":"ER_DUP_ENTRY","errno":1062,"sqlState":"23000","index":0,"level":"error","timestamp":"2016-09-18T15:20:00.289Z"}
{"level":"info","message":"Organization creation","timestamp":"2016-09-18T17:11:15.839Z"}
{"message":"ER_DUP_ENTRY: Duplicate entry 'kishor.shetty@gmail.com' for key 'useremail_UNIQUE'","stack":"Error: ER_DUP_ENTRY: Duplicate entry 'kishor.shetty@gmail.com' for key 'useremail_UNIQUE'\n    at Query.Sequence._packetToError (/home/shrikant/Pictures/node/node_modules/mysql/lib/protocol/sequences/Sequence.js:51:14)\n    at Query.ErrorPacket (/home/shrikant/Pictures/node/node_modules/mysql/lib/protocol/sequences/Query.js:83:18)\n    at Protocol._parsePacket (/home/shrikant/Pictures/node/node_modules/mysql/lib/protocol/Protocol.js:280:23)\n    at Parser.write (/home/shrikant/Pictures/node/node_modules/mysql/lib/protocol/Parser.js:74:12)\n    at Protocol.write (/home/shrikant/Pictures/node/node_modules/mysql/lib/protocol/Protocol.js:39:16)\n    at Socket.<anonymous> (/home/shrikant/Pictures/node/node_modules/mysql/lib/Connection.js:109:28)\n    at Socket.EventEmitter.emit (events.js:95:17)\n    at Socket.<anonymous> (_stream_readable.js:746:14)\n    at Socket.EventEmitter.emit (events.js:92:17)\n    at emitReadable_ (_stream_readable.js:408:10)\n    --------------------\n    at Protocol._enqueue (/home/shrikant/Pictures/node/node_modules/mysql/lib/protocol/Protocol.js:141:48)\n    at PoolConnection.query (/home/shrikant/Pictures/node/node_modules/mysql/lib/Connection.js:214:25)\n    at /home/shrikant/Pictures/node/models/organization.js:16:8\n    at /home/shrikant/Pictures/node/dbhandler/databaseConnector.js:13:7\n    at Handshake.onConnect (/home/shrikant/Pictures/node/node_modules/mysql/lib/Pool.js:63:7)\n    at Handshake.Sequence.end (/home/shrikant/Pictures/node/node_modules/mysql/lib/protocol/sequences/Sequence.js:85:24)\n    at Handshake.Sequence.OkPacket (/home/shrikant/Pictures/node/node_modules/mysql/lib/protocol/sequences/Sequence.js:94:8)\n    at Protocol._parsePacket (/home/shrikant/Pictures/node/node_modules/mysql/lib/protocol/Protocol.js:280:23)\n    at Parser.write (/home/shrikant/Pictures/node/node_modules/mysql/lib/protocol/Parser.js:74:12)\n    at Protocol.write (/home/shrikant/Pictures/node/node_modules/mysql/lib/protocol/Protocol.js:39:16)","code":"ER_DUP_ENTRY","errno":1062,"sqlState":"23000","index":0,"level":"error","timestamp":"2016-09-18T17:11:16.455Z"}
{"level":"info","message":"Organization creation","timestamp":"2016-09-18T17:11:24.188Z"}
{"message":"ER_DUP_ENTRY: Duplicate entry 'kishor.shetty@gmail.com' for key 'useremail_UNIQUE'","stack":"Error: ER_DUP_ENTRY: Duplicate entry 'kishor.shetty@gmail.com' for key 'useremail_UNIQUE'\n    at Query.Sequence._packetToError (/home/shrikant/Pictures/node/node_modules/mysql/lib/protocol/sequences/Sequence.js:51:14)\n    at Query.ErrorPacket (/home/shrikant/Pictures/node/node_modules/mysql/lib/protocol/sequences/Query.js:83:18)\n    at Protocol._parsePacket (/home/shrikant/Pictures/node/node_modules/mysql/lib/protocol/Protocol.js:280:23)\n    at Parser.write (/home/shrikant/Pictures/node/node_modules/mysql/lib/protocol/Parser.js:74:12)\n    at Protocol.write (/home/shrikant/Pictures/node/node_modules/mysql/lib/protocol/Protocol.js:39:16)\n    at Socket.<anonymous> (/home/shrikant/Pictures/node/node_modules/mysql/lib/Connection.js:109:28)\n    at Socket.EventEmitter.emit (events.js:95:17)\n    at Socket.<anonymous> (_stream_readable.js:746:14)\n    at Socket.EventEmitter.emit (events.js:92:17)\n    at emitReadable_ (_stream_readable.js:408:10)\n    --------------------\n    at Protocol._enqueue (/home/shrikant/Pictures/node/node_modules/mysql/lib/protocol/Protocol.js:141:48)\n    at PoolConnection.query (/home/shrikant/Pictures/node/node_modules/mysql/lib/Connection.js:214:25)\n    at /home/shrikant/Pictures/node/models/organization.js:16:8\n    at /home/shrikant/Pictures/node/dbhandler/databaseConnector.js:13:7\n    at Ping.onOperationComplete [as _callback] (/home/shrikant/Pictures/node/node_modules/mysql/lib/Pool.js:108:5)\n    at Ping.Sequence.end (/home/shrikant/Pictures/node/node_modules/mysql/lib/protocol/sequences/Sequence.js:85:24)\n    at Ping.Sequence.OkPacket (/home/shrikant/Pictures/node/node_modules/mysql/lib/protocol/sequences/Sequence.js:94:8)\n    at Protocol._parsePacket (/home/shrikant/Pictures/node/node_modules/mysql/lib/protocol/Protocol.js:280:23)\n    at Parser.write (/home/shrikant/Pictures/node/node_modules/mysql/lib/protocol/Parser.js:74:12)\n    at Protocol.write (/home/shrikant/Pictures/node/node_modules/mysql/lib/protocol/Protocol.js:39:16)","code":"ER_DUP_ENTRY","errno":1062,"sqlState":"23000","index":0,"level":"error","timestamp":"2016-09-18T17:11:24.290Z"}
{"level":"info","message":"Organization creation","timestamp":"2016-09-18T17:11:25.106Z"}
{"message":"ER_DUP_ENTRY: Duplicate entry 'kishor.shetty@gmail.com' for key 'useremail_UNIQUE'","stack":"Error: ER_DUP_ENTRY: Duplicate entry 'kishor.shetty@gmail.com' for key 'useremail_UNIQUE'\n    at Query.Sequence._packetToError (/home/shrikant/Pictures/node/node_modules/mysql/lib/protocol/sequences/Sequence.js:51:14)\n    at Query.ErrorPacket (/home/shrikant/Pictures/node/node_modules/mysql/lib/protocol/sequences/Query.js:83:18)\n    at Protocol._parsePacket (/home/shrikant/Pictures/node/node_modules/mysql/lib/protocol/Protocol.js:280:23)\n    at Parser.write (/home/shrikant/Pictures/node/node_modules/mysql/lib/protocol/Parser.js:74:12)\n    at Protocol.write (/home/shrikant/Pictures/node/node_modules/mysql/lib/protocol/Protocol.js:39:16)\n    at Socket.<anonymous> (/home/shrikant/Pictures/node/node_modules/mysql/lib/Connection.js:109:28)\n    at Socket.EventEmitter.emit (events.js:95:17)\n    at Socket.<anonymous> (_stream_readable.js:746:14)\n    at Socket.EventEmitter.emit (events.js:92:17)\n    at emitReadable_ (_stream_readable.js:408:10)\n    --------------------\n    at Protocol._enqueue (/home/shrikant/Pictures/node/node_modules/mysql/lib/protocol/Protocol.js:141:48)\n    at PoolConnection.query (/home/shrikant/Pictures/node/node_modules/mysql/lib/Connection.js:214:25)\n    at /home/shrikant/Pictures/node/models/organization.js:16:8\n    at /home/shrikant/Pictures/node/dbhandler/databaseConnector.js:13:7\n    at Ping.onOperationComplete [as _callback] (/home/shrikant/Pictures/node/node_modules/mysql/lib/Pool.js:108:5)\n    at Ping.Sequence.end (/home/shrikant/Pictures/node/node_modules/mysql/lib/protocol/sequences/Sequence.js:85:24)\n    at Ping.Sequence.OkPacket (/home/shrikant/Pictures/node/node_modules/mysql/lib/protocol/sequences/Sequence.js:94:8)\n    at Protocol._parsePacket (/home/shrikant/Pictures/node/node_modules/mysql/lib/protocol/Protocol.js:280:23)\n    at Parser.write (/home/shrikant/Pictures/node/node_modules/mysql/lib/protocol/Parser.js:74:12)\n    at Protocol.write (/home/shrikant/Pictures/node/node_modules/mysql/lib/protocol/Protocol.js:39:16)","code":"ER_DUP_ENTRY","errno":1062,"sqlState":"23000","index":0,"level":"error","timestamp":"2016-09-18T17:11:25.223Z"}
{"level":"info","message":"login initialization","timestamp":"2016-09-19T06:07:16.681Z"}
{"level":"info","message":"login initialization","timestamp":"2016-09-19T06:38:27.396Z"}
{"level":"info","message":"login successful","timestamp":"2016-09-19T06:38:27.418Z"}
{"level":"info","message":"login initialization","timestamp":"2016-09-19T06:53:58.745Z"}
{"level":"info","message":"login initialization","timestamp":"2016-09-19T06:55:10.185Z"}
{"level":"info","message":"login successful","timestamp":"2016-09-19T06:55:10.212Z"}
{"level":"info","message":"login initialization","timestamp":"2016-09-19T06:55:26.820Z"}
{"level":"info","message":"login successful","timestamp":"2016-09-19T06:55:26.842Z"}
{"level":"info","message":"login initialization","timestamp":"2016-09-19T06:56:21.061Z"}
{"level":"info","message":"login successful","timestamp":"2016-09-19T06:56:21.084Z"}
{"level":"info","message":"login initialization","timestamp":"2016-09-19T06:56:54.512Z"}
{"level":"info","message":"login successful","timestamp":"2016-09-19T06:56:54.537Z"}
{"level":"info","message":"login initialization","timestamp":"2016-09-19T06:58:59.809Z"}
{"level":"info","message":"login successful","timestamp":"2016-09-19T06:58:59.830Z"}
{"level":"info","message":"login initialization","timestamp":"2016-09-19T07:05:52.038Z"}
{"level":"info","message":"login successful","timestamp":"2016-09-19T07:05:52.061Z"}
{"level":"info","message":"login initialization","timestamp":"2016-09-19T07:06:06.366Z"}
{"level":"info","message":"login successful","timestamp":"2016-09-19T07:06:06.391Z"}
{"level":"info","message":"login initialization","timestamp":"2016-09-19T07:06:25.496Z"}
{"level":"info","message":"login successful","timestamp":"2016-09-19T07:06:25.520Z"}
{"level":"info","message":"login initialization","timestamp":"2016-09-19T07:06:42.846Z"}
{"level":"info","message":"login successful","timestamp":"2016-09-19T07:06:42.873Z"}
{"level":"info","message":"login initialization","timestamp":"2016-09-19T07:07:03.698Z"}
{"level":"info","message":"login successful","timestamp":"2016-09-19T07:07:03.724Z"}
{"level":"info","message":"login initialization","timestamp":"2016-09-19T07:15:01.492Z"}
{"level":"info","message":"login initialization","timestamp":"2016-09-19T07:17:26.747Z"}
{"level":"info","message":"login successful","timestamp":"2016-09-19T07:17:26.773Z"}
{"level":"info","message":"login initialization","timestamp":"2016-09-19T07:17:57.307Z"}
{"level":"info","message":"login successful","timestamp":"2016-09-19T07:17:57.329Z"}
{"level":"info","message":"login initialization","timestamp":"2016-09-19T07:18:37.685Z"}
{"level":"info","message":"login successful","timestamp":"2016-09-19T07:18:37.715Z"}
{"level":"info","message":"login initialization","timestamp":"2016-09-19T07:18:58.335Z"}
{"level":"info","message":"login successful","timestamp":"2016-09-19T07:18:58.357Z"}
{"level":"info","message":"login initialization","timestamp":"2016-09-19T07:20:27.780Z"}
{"level":"info","message":"login successful","timestamp":"2016-09-19T07:20:27.805Z"}
{"level":"info","message":"login initialization","timestamp":"2016-09-19T07:37:22.770Z"}
{"level":"info","message":"login successful","timestamp":"2016-09-19T07:37:22.791Z"}
{"level":"info","message":"login initialization","timestamp":"2016-09-19T07:37:51.332Z"}
{"level":"info","message":"login successful","timestamp":"2016-09-19T07:37:51.356Z"}
{"level":"info","message":"login initialization","timestamp":"2016-09-19T07:49:35.413Z"}
{"level":"info","message":"login successful","timestamp":"2016-09-19T07:49:35.435Z"}
{"level":"info","message":"logout initialization","timestamp":"2016-09-19T07:57:19.596Z"}
{"level":"info","message":"logout initialization","timestamp":"2016-09-19T07:58:17.691Z"}
{"level":"info","message":"logout initialization","timestamp":"2016-09-19T07:58:22.852Z"}
{"level":"info","message":"logout initialization","timestamp":"2016-09-19T09:35:59.471Z"}
{"level":"info","message":"logout successful","timestamp":"2016-09-19T09:35:59.482Z"}
{"level":"info","message":"login initialization","timestamp":"2016-09-19T10:43:44.654Z"}
{"level":"info","message":"login successful","timestamp":"2016-09-19T10:43:44.678Z"}
{"level":"info","message":"logout initialization","timestamp":"2016-09-19T10:43:53.457Z"}
{"level":"info","message":"logout successful","timestamp":"2016-09-19T10:43:53.462Z"}
{"level":"info","message":"logout initialization","timestamp":"2016-09-19T10:43:54.784Z"}
{"level":"error","message":"invalid token","timestamp":"2016-09-19T10:43:54.785Z"}
{"level":"info","message":"login initialization","timestamp":"2016-09-19T11:59:42.178Z"}
{"level":"info","message":"login successful","timestamp":"2016-09-19T11:59:42.199Z"}
{"level":"info","message":"logout initialization","timestamp":"2016-09-19T11:59:49.588Z"}
{"level":"info","message":"logout successful","timestamp":"2016-09-19T11:59:49.593Z"}
{"level":"info","message":"logout initialization","timestamp":"2016-09-19T11:59:53.104Z"}
{"level":"error","message":"invalid token","timestamp":"2016-09-19T11:59:53.114Z"}
{"level":"info","message":"login initialization","timestamp":"2016-09-19T12:16:33.281Z"}
{"level":"info","message":"login successful","timestamp":"2016-09-19T12:16:33.289Z"}
{"level":"info","message":"logout initialization","timestamp":"2016-09-19T12:16:43.478Z"}
{"level":"info","message":"logout successful","timestamp":"2016-09-19T12:16:43.479Z"}
{"level":"info","message":"logout initialization","timestamp":"2016-09-19T12:16:46.035Z"}
{"level":"error","message":"invalid token","timestamp":"2016-09-19T12:16:46.036Z"}
